{
  "total": 15,
  "successful": 0,
  "failed": 15,
  "results": [
    {
      "file": "train_sample_1.pdf",
      "status": "failed",
      "error": "Traceback (most recent call last):\n  File \"C:\\Users\\prana\\Downloads\\Bajaj FinServ\\test_extraction.py\", line 33, in test_single_file\n    print(f\"Reconciled amount: \\u20b9{data['reconciled_amount']:.2f}\")\n  File \"C:\\Program Files\\WindowsApps\\PythonSoftwareFoundation.Python.3.12_3.12.2800.0_x64__qbz5n2kfra8p0\\Lib\\encodings\\cp1252.py\", line 19, in encode\n    return codecs.charmap_encode(input,self.errors,encoding_table)[0]\n           ^^^^^^^^^^^^^^^^^^^^^^^^^^^^^^^^^^^^^^^^^^^^^^^^^^^^^^^\nUnicodeEncodeError: 'charmap' codec can't encode character '\\u20b9' in position 19: character maps to <undefined>\n\nDuring handling of the above exception, another exception occurred:\n\nTraceback (most recent call last):\n  File \"C:\\Users\\prana\\Downloads\\Bajaj FinServ\\test_extraction.py\", line 81, in <module>\n    success = test_single_file(file_path)\n              ^^^^^^^^^^^^^^^^^^^^^^^^^^^\n  File \"C:\\Users\\prana\\Downloads\\Bajaj FinServ\\test_extraction.py\", line 62, in test_single_file\n    print(f\"\\u2717 Error: {e}\")\n  File \"C:\\Program Files\\WindowsApps\\PythonSoftwareFoundation.Python.3.12_3.12.2800.0_x64__qbz5n2kfra8p0\\Lib\\encodings\\cp1252.py\", line 19, in encode\n    return codecs.charmap_encode(input,self.errors,encoding_table)[0]\n           ^^^^^^^^^^^^^^^^^^^^^^^^^^^^^^^^^^^^^^^^^^^^^^^^^^^^^^^\nUnicodeEncodeError: 'charmap' codec can't encode character '\\u2717' in position 0: character maps to <undefined>\n"
    },
    {
      "file": "train_sample_10.pdf",
      "status": "failed",
      "error": "Traceback (most recent call last):\n  File \"C:\\Users\\prana\\Downloads\\Bajaj FinServ\\test_extraction.py\", line 33, in test_single_file\n    print(f\"Reconciled amount: \\u20b9{data['reconciled_amount']:.2f}\")\n  File \"C:\\Program Files\\WindowsApps\\PythonSoftwareFoundation.Python.3.12_3.12.2800.0_x64__qbz5n2kfra8p0\\Lib\\encodings\\cp1252.py\", line 19, in encode\n    return codecs.charmap_encode(input,self.errors,encoding_table)[0]\n           ^^^^^^^^^^^^^^^^^^^^^^^^^^^^^^^^^^^^^^^^^^^^^^^^^^^^^^^\nUnicodeEncodeError: 'charmap' codec can't encode character '\\u20b9' in position 19: character maps to <undefined>\n\nDuring handling of the above exception, another exception occurred:\n\nTraceback (most recent call last):\n  File \"C:\\Users\\prana\\Downloads\\Bajaj FinServ\\test_extraction.py\", line 81, in <module>\n    success = test_single_file(file_path)\n              ^^^^^^^^^^^^^^^^^^^^^^^^^^^\n  File \"C:\\Users\\prana\\Downloads\\Bajaj FinServ\\test_extraction.py\", line 62, in test_single_file\n    print(f\"\\u2717 Error: {e}\")\n  File \"C:\\Program Files\\WindowsApps\\PythonSoftwareFoundation.Python.3.12_3.12.2800.0_x64__qbz5n2kfra8p0\\Lib\\encodings\\cp1252.py\", line 19, in encode\n    return codecs.charmap_encode(input,self.errors,encoding_table)[0]\n           ^^^^^^^^^^^^^^^^^^^^^^^^^^^^^^^^^^^^^^^^^^^^^^^^^^^^^^^\nUnicodeEncodeError: 'charmap' codec can't encode character '\\u2717' in position 0: character maps to <undefined>\n"
    },
    {
      "file": "train_sample_11.pdf",
      "status": "failed",
      "error": "Traceback (most recent call last):\n  File \"C:\\Users\\prana\\Downloads\\Bajaj FinServ\\test_extraction.py\", line 33, in test_single_file\n    print(f\"Reconciled amount: \\u20b9{data['reconciled_amount']:.2f}\")\n  File \"C:\\Program Files\\WindowsApps\\PythonSoftwareFoundation.Python.3.12_3.12.2800.0_x64__qbz5n2kfra8p0\\Lib\\encodings\\cp1252.py\", line 19, in encode\n    return codecs.charmap_encode(input,self.errors,encoding_table)[0]\n           ^^^^^^^^^^^^^^^^^^^^^^^^^^^^^^^^^^^^^^^^^^^^^^^^^^^^^^^\nUnicodeEncodeError: 'charmap' codec can't encode character '\\u20b9' in position 19: character maps to <undefined>\n\nDuring handling of the above exception, another exception occurred:\n\nTraceback (most recent call last):\n  File \"C:\\Users\\prana\\Downloads\\Bajaj FinServ\\test_extraction.py\", line 81, in <module>\n    success = test_single_file(file_path)\n              ^^^^^^^^^^^^^^^^^^^^^^^^^^^\n  File \"C:\\Users\\prana\\Downloads\\Bajaj FinServ\\test_extraction.py\", line 62, in test_single_file\n    print(f\"\\u2717 Error: {e}\")\n  File \"C:\\Program Files\\WindowsApps\\PythonSoftwareFoundation.Python.3.12_3.12.2800.0_x64__qbz5n2kfra8p0\\Lib\\encodings\\cp1252.py\", line 19, in encode\n    return codecs.charmap_encode(input,self.errors,encoding_table)[0]\n           ^^^^^^^^^^^^^^^^^^^^^^^^^^^^^^^^^^^^^^^^^^^^^^^^^^^^^^^\nUnicodeEncodeError: 'charmap' codec can't encode character '\\u2717' in position 0: character maps to <undefined>\n"
    },
    {
      "file": "train_sample_12.pdf",
      "status": "failed",
      "error": "Traceback (most recent call last):\n  File \"C:\\Users\\prana\\Downloads\\Bajaj FinServ\\test_extraction.py\", line 33, in test_single_file\n    print(f\"Reconciled amount: \\u20b9{data['reconciled_amount']:.2f}\")\n  File \"C:\\Program Files\\WindowsApps\\PythonSoftwareFoundation.Python.3.12_3.12.2800.0_x64__qbz5n2kfra8p0\\Lib\\encodings\\cp1252.py\", line 19, in encode\n    return codecs.charmap_encode(input,self.errors,encoding_table)[0]\n           ^^^^^^^^^^^^^^^^^^^^^^^^^^^^^^^^^^^^^^^^^^^^^^^^^^^^^^^\nUnicodeEncodeError: 'charmap' codec can't encode character '\\u20b9' in position 19: character maps to <undefined>\n\nDuring handling of the above exception, another exception occurred:\n\nTraceback (most recent call last):\n  File \"C:\\Users\\prana\\Downloads\\Bajaj FinServ\\test_extraction.py\", line 81, in <module>\n    success = test_single_file(file_path)\n              ^^^^^^^^^^^^^^^^^^^^^^^^^^^\n  File \"C:\\Users\\prana\\Downloads\\Bajaj FinServ\\test_extraction.py\", line 62, in test_single_file\n    print(f\"\\u2717 Error: {e}\")\n  File \"C:\\Program Files\\WindowsApps\\PythonSoftwareFoundation.Python.3.12_3.12.2800.0_x64__qbz5n2kfra8p0\\Lib\\encodings\\cp1252.py\", line 19, in encode\n    return codecs.charmap_encode(input,self.errors,encoding_table)[0]\n           ^^^^^^^^^^^^^^^^^^^^^^^^^^^^^^^^^^^^^^^^^^^^^^^^^^^^^^^\nUnicodeEncodeError: 'charmap' codec can't encode character '\\u2717' in position 0: character maps to <undefined>\n"
    },
    {
      "file": "train_sample_13.pdf",
      "status": "failed",
      "error": "Traceback (most recent call last):\n  File \"C:\\Users\\prana\\Downloads\\Bajaj FinServ\\test_extraction.py\", line 33, in test_single_file\n    print(f\"Reconciled amount: \\u20b9{data['reconciled_amount']:.2f}\")\n  File \"C:\\Program Files\\WindowsApps\\PythonSoftwareFoundation.Python.3.12_3.12.2800.0_x64__qbz5n2kfra8p0\\Lib\\encodings\\cp1252.py\", line 19, in encode\n    return codecs.charmap_encode(input,self.errors,encoding_table)[0]\n           ^^^^^^^^^^^^^^^^^^^^^^^^^^^^^^^^^^^^^^^^^^^^^^^^^^^^^^^\nUnicodeEncodeError: 'charmap' codec can't encode character '\\u20b9' in position 19: character maps to <undefined>\n\nDuring handling of the above exception, another exception occurred:\n\nTraceback (most recent call last):\n  File \"C:\\Users\\prana\\Downloads\\Bajaj FinServ\\test_extraction.py\", line 81, in <module>\n    success = test_single_file(file_path)\n              ^^^^^^^^^^^^^^^^^^^^^^^^^^^\n  File \"C:\\Users\\prana\\Downloads\\Bajaj FinServ\\test_extraction.py\", line 62, in test_single_file\n    print(f\"\\u2717 Error: {e}\")\n  File \"C:\\Program Files\\WindowsApps\\PythonSoftwareFoundation.Python.3.12_3.12.2800.0_x64__qbz5n2kfra8p0\\Lib\\encodings\\cp1252.py\", line 19, in encode\n    return codecs.charmap_encode(input,self.errors,encoding_table)[0]\n           ^^^^^^^^^^^^^^^^^^^^^^^^^^^^^^^^^^^^^^^^^^^^^^^^^^^^^^^\nUnicodeEncodeError: 'charmap' codec can't encode character '\\u2717' in position 0: character maps to <undefined>\n"
    },
    {
      "file": "train_sample_14.pdf",
      "status": "failed",
      "error": "Traceback (most recent call last):\n  File \"C:\\Users\\prana\\Downloads\\Bajaj FinServ\\test_extraction.py\", line 33, in test_single_file\n    print(f\"Reconciled amount: \\u20b9{data['reconciled_amount']:.2f}\")\n  File \"C:\\Program Files\\WindowsApps\\PythonSoftwareFoundation.Python.3.12_3.12.2800.0_x64__qbz5n2kfra8p0\\Lib\\encodings\\cp1252.py\", line 19, in encode\n    return codecs.charmap_encode(input,self.errors,encoding_table)[0]\n           ^^^^^^^^^^^^^^^^^^^^^^^^^^^^^^^^^^^^^^^^^^^^^^^^^^^^^^^\nUnicodeEncodeError: 'charmap' codec can't encode character '\\u20b9' in position 19: character maps to <undefined>\n\nDuring handling of the above exception, another exception occurred:\n\nTraceback (most recent call last):\n  File \"C:\\Users\\prana\\Downloads\\Bajaj FinServ\\test_extraction.py\", line 81, in <module>\n    success = test_single_file(file_path)\n              ^^^^^^^^^^^^^^^^^^^^^^^^^^^\n  File \"C:\\Users\\prana\\Downloads\\Bajaj FinServ\\test_extraction.py\", line 62, in test_single_file\n    print(f\"\\u2717 Error: {e}\")\n  File \"C:\\Program Files\\WindowsApps\\PythonSoftwareFoundation.Python.3.12_3.12.2800.0_x64__qbz5n2kfra8p0\\Lib\\encodings\\cp1252.py\", line 19, in encode\n    return codecs.charmap_encode(input,self.errors,encoding_table)[0]\n           ^^^^^^^^^^^^^^^^^^^^^^^^^^^^^^^^^^^^^^^^^^^^^^^^^^^^^^^\nUnicodeEncodeError: 'charmap' codec can't encode character '\\u2717' in position 0: character maps to <undefined>\n"
    },
    {
      "file": "train_sample_15.pdf",
      "status": "failed",
      "error": "Traceback (most recent call last):\n  File \"C:\\Users\\prana\\Downloads\\Bajaj FinServ\\test_extraction.py\", line 33, in test_single_file\n    print(f\"Reconciled amount: \\u20b9{data['reconciled_amount']:.2f}\")\n  File \"C:\\Program Files\\WindowsApps\\PythonSoftwareFoundation.Python.3.12_3.12.2800.0_x64__qbz5n2kfra8p0\\Lib\\encodings\\cp1252.py\", line 19, in encode\n    return codecs.charmap_encode(input,self.errors,encoding_table)[0]\n           ^^^^^^^^^^^^^^^^^^^^^^^^^^^^^^^^^^^^^^^^^^^^^^^^^^^^^^^\nUnicodeEncodeError: 'charmap' codec can't encode character '\\u20b9' in position 19: character maps to <undefined>\n\nDuring handling of the above exception, another exception occurred:\n\nTraceback (most recent call last):\n  File \"C:\\Users\\prana\\Downloads\\Bajaj FinServ\\test_extraction.py\", line 81, in <module>\n    success = test_single_file(file_path)\n              ^^^^^^^^^^^^^^^^^^^^^^^^^^^\n  File \"C:\\Users\\prana\\Downloads\\Bajaj FinServ\\test_extraction.py\", line 62, in test_single_file\n    print(f\"\\u2717 Error: {e}\")\n  File \"C:\\Program Files\\WindowsApps\\PythonSoftwareFoundation.Python.3.12_3.12.2800.0_x64__qbz5n2kfra8p0\\Lib\\encodings\\cp1252.py\", line 19, in encode\n    return codecs.charmap_encode(input,self.errors,encoding_table)[0]\n           ^^^^^^^^^^^^^^^^^^^^^^^^^^^^^^^^^^^^^^^^^^^^^^^^^^^^^^^\nUnicodeEncodeError: 'charmap' codec can't encode character '\\u2717' in position 0: character maps to <undefined>\n"
    },
    {
      "file": "train_sample_2.pdf",
      "status": "failed",
      "error": "Traceback (most recent call last):\n  File \"C:\\Users\\prana\\Downloads\\Bajaj FinServ\\test_extraction.py\", line 33, in test_single_file\n    print(f\"Reconciled amount: \\u20b9{data['reconciled_amount']:.2f}\")\n  File \"C:\\Program Files\\WindowsApps\\PythonSoftwareFoundation.Python.3.12_3.12.2800.0_x64__qbz5n2kfra8p0\\Lib\\encodings\\cp1252.py\", line 19, in encode\n    return codecs.charmap_encode(input,self.errors,encoding_table)[0]\n           ^^^^^^^^^^^^^^^^^^^^^^^^^^^^^^^^^^^^^^^^^^^^^^^^^^^^^^^\nUnicodeEncodeError: 'charmap' codec can't encode character '\\u20b9' in position 19: character maps to <undefined>\n\nDuring handling of the above exception, another exception occurred:\n\nTraceback (most recent call last):\n  File \"C:\\Users\\prana\\Downloads\\Bajaj FinServ\\test_extraction.py\", line 81, in <module>\n    success = test_single_file(file_path)\n              ^^^^^^^^^^^^^^^^^^^^^^^^^^^\n  File \"C:\\Users\\prana\\Downloads\\Bajaj FinServ\\test_extraction.py\", line 62, in test_single_file\n    print(f\"\\u2717 Error: {e}\")\n  File \"C:\\Program Files\\WindowsApps\\PythonSoftwareFoundation.Python.3.12_3.12.2800.0_x64__qbz5n2kfra8p0\\Lib\\encodings\\cp1252.py\", line 19, in encode\n    return codecs.charmap_encode(input,self.errors,encoding_table)[0]\n           ^^^^^^^^^^^^^^^^^^^^^^^^^^^^^^^^^^^^^^^^^^^^^^^^^^^^^^^\nUnicodeEncodeError: 'charmap' codec can't encode character '\\u2717' in position 0: character maps to <undefined>\n"
    },
    {
      "file": "train_sample_3.pdf",
      "status": "failed",
      "error": "Traceback (most recent call last):\n  File \"C:\\Users\\prana\\Downloads\\Bajaj FinServ\\test_extraction.py\", line 33, in test_single_file\n    print(f\"Reconciled amount: \\u20b9{data['reconciled_amount']:.2f}\")\n  File \"C:\\Program Files\\WindowsApps\\PythonSoftwareFoundation.Python.3.12_3.12.2800.0_x64__qbz5n2kfra8p0\\Lib\\encodings\\cp1252.py\", line 19, in encode\n    return codecs.charmap_encode(input,self.errors,encoding_table)[0]\n           ^^^^^^^^^^^^^^^^^^^^^^^^^^^^^^^^^^^^^^^^^^^^^^^^^^^^^^^\nUnicodeEncodeError: 'charmap' codec can't encode character '\\u20b9' in position 19: character maps to <undefined>\n\nDuring handling of the above exception, another exception occurred:\n\nTraceback (most recent call last):\n  File \"C:\\Users\\prana\\Downloads\\Bajaj FinServ\\test_extraction.py\", line 81, in <module>\n    success = test_single_file(file_path)\n              ^^^^^^^^^^^^^^^^^^^^^^^^^^^\n  File \"C:\\Users\\prana\\Downloads\\Bajaj FinServ\\test_extraction.py\", line 62, in test_single_file\n    print(f\"\\u2717 Error: {e}\")\n  File \"C:\\Program Files\\WindowsApps\\PythonSoftwareFoundation.Python.3.12_3.12.2800.0_x64__qbz5n2kfra8p0\\Lib\\encodings\\cp1252.py\", line 19, in encode\n    return codecs.charmap_encode(input,self.errors,encoding_table)[0]\n           ^^^^^^^^^^^^^^^^^^^^^^^^^^^^^^^^^^^^^^^^^^^^^^^^^^^^^^^\nUnicodeEncodeError: 'charmap' codec can't encode character '\\u2717' in position 0: character maps to <undefined>\n"
    },
    {
      "file": "train_sample_4.pdf",
      "status": "failed",
      "error": "Traceback (most recent call last):\n  File \"C:\\Users\\prana\\Downloads\\Bajaj FinServ\\test_extraction.py\", line 33, in test_single_file\n    print(f\"Reconciled amount: \\u20b9{data['reconciled_amount']:.2f}\")\n  File \"C:\\Program Files\\WindowsApps\\PythonSoftwareFoundation.Python.3.12_3.12.2800.0_x64__qbz5n2kfra8p0\\Lib\\encodings\\cp1252.py\", line 19, in encode\n    return codecs.charmap_encode(input,self.errors,encoding_table)[0]\n           ^^^^^^^^^^^^^^^^^^^^^^^^^^^^^^^^^^^^^^^^^^^^^^^^^^^^^^^\nUnicodeEncodeError: 'charmap' codec can't encode character '\\u20b9' in position 19: character maps to <undefined>\n\nDuring handling of the above exception, another exception occurred:\n\nTraceback (most recent call last):\n  File \"C:\\Users\\prana\\Downloads\\Bajaj FinServ\\test_extraction.py\", line 81, in <module>\n    success = test_single_file(file_path)\n              ^^^^^^^^^^^^^^^^^^^^^^^^^^^\n  File \"C:\\Users\\prana\\Downloads\\Bajaj FinServ\\test_extraction.py\", line 62, in test_single_file\n    print(f\"\\u2717 Error: {e}\")\n  File \"C:\\Program Files\\WindowsApps\\PythonSoftwareFoundation.Python.3.12_3.12.2800.0_x64__qbz5n2kfra8p0\\Lib\\encodings\\cp1252.py\", line 19, in encode\n    return codecs.charmap_encode(input,self.errors,encoding_table)[0]\n           ^^^^^^^^^^^^^^^^^^^^^^^^^^^^^^^^^^^^^^^^^^^^^^^^^^^^^^^\nUnicodeEncodeError: 'charmap' codec can't encode character '\\u2717' in position 0: character maps to <undefined>\n"
    },
    {
      "file": "train_sample_5.pdf",
      "status": "failed",
      "error": "Traceback (most recent call last):\n  File \"C:\\Users\\prana\\Downloads\\Bajaj FinServ\\test_extraction.py\", line 33, in test_single_file\n    print(f\"Reconciled amount: \\u20b9{data['reconciled_amount']:.2f}\")\n  File \"C:\\Program Files\\WindowsApps\\PythonSoftwareFoundation.Python.3.12_3.12.2800.0_x64__qbz5n2kfra8p0\\Lib\\encodings\\cp1252.py\", line 19, in encode\n    return codecs.charmap_encode(input,self.errors,encoding_table)[0]\n           ^^^^^^^^^^^^^^^^^^^^^^^^^^^^^^^^^^^^^^^^^^^^^^^^^^^^^^^\nUnicodeEncodeError: 'charmap' codec can't encode character '\\u20b9' in position 19: character maps to <undefined>\n\nDuring handling of the above exception, another exception occurred:\n\nTraceback (most recent call last):\n  File \"C:\\Users\\prana\\Downloads\\Bajaj FinServ\\test_extraction.py\", line 81, in <module>\n    success = test_single_file(file_path)\n              ^^^^^^^^^^^^^^^^^^^^^^^^^^^\n  File \"C:\\Users\\prana\\Downloads\\Bajaj FinServ\\test_extraction.py\", line 62, in test_single_file\n    print(f\"\\u2717 Error: {e}\")\n  File \"C:\\Program Files\\WindowsApps\\PythonSoftwareFoundation.Python.3.12_3.12.2800.0_x64__qbz5n2kfra8p0\\Lib\\encodings\\cp1252.py\", line 19, in encode\n    return codecs.charmap_encode(input,self.errors,encoding_table)[0]\n           ^^^^^^^^^^^^^^^^^^^^^^^^^^^^^^^^^^^^^^^^^^^^^^^^^^^^^^^\nUnicodeEncodeError: 'charmap' codec can't encode character '\\u2717' in position 0: character maps to <undefined>\n"
    },
    {
      "file": "train_sample_6.pdf",
      "status": "failed",
      "error": "Traceback (most recent call last):\n  File \"C:\\Users\\prana\\Downloads\\Bajaj FinServ\\test_extraction.py\", line 33, in test_single_file\n    print(f\"Reconciled amount: \\u20b9{data['reconciled_amount']:.2f}\")\n  File \"C:\\Program Files\\WindowsApps\\PythonSoftwareFoundation.Python.3.12_3.12.2800.0_x64__qbz5n2kfra8p0\\Lib\\encodings\\cp1252.py\", line 19, in encode\n    return codecs.charmap_encode(input,self.errors,encoding_table)[0]\n           ^^^^^^^^^^^^^^^^^^^^^^^^^^^^^^^^^^^^^^^^^^^^^^^^^^^^^^^\nUnicodeEncodeError: 'charmap' codec can't encode character '\\u20b9' in position 19: character maps to <undefined>\n\nDuring handling of the above exception, another exception occurred:\n\nTraceback (most recent call last):\n  File \"C:\\Users\\prana\\Downloads\\Bajaj FinServ\\test_extraction.py\", line 81, in <module>\n    success = test_single_file(file_path)\n              ^^^^^^^^^^^^^^^^^^^^^^^^^^^\n  File \"C:\\Users\\prana\\Downloads\\Bajaj FinServ\\test_extraction.py\", line 62, in test_single_file\n    print(f\"\\u2717 Error: {e}\")\n  File \"C:\\Program Files\\WindowsApps\\PythonSoftwareFoundation.Python.3.12_3.12.2800.0_x64__qbz5n2kfra8p0\\Lib\\encodings\\cp1252.py\", line 19, in encode\n    return codecs.charmap_encode(input,self.errors,encoding_table)[0]\n           ^^^^^^^^^^^^^^^^^^^^^^^^^^^^^^^^^^^^^^^^^^^^^^^^^^^^^^^\nUnicodeEncodeError: 'charmap' codec can't encode character '\\u2717' in position 0: character maps to <undefined>\n"
    },
    {
      "file": "train_sample_7.pdf",
      "status": "failed",
      "error": "Traceback (most recent call last):\n  File \"C:\\Users\\prana\\Downloads\\Bajaj FinServ\\test_extraction.py\", line 33, in test_single_file\n    print(f\"Reconciled amount: \\u20b9{data['reconciled_amount']:.2f}\")\n  File \"C:\\Program Files\\WindowsApps\\PythonSoftwareFoundation.Python.3.12_3.12.2800.0_x64__qbz5n2kfra8p0\\Lib\\encodings\\cp1252.py\", line 19, in encode\n    return codecs.charmap_encode(input,self.errors,encoding_table)[0]\n           ^^^^^^^^^^^^^^^^^^^^^^^^^^^^^^^^^^^^^^^^^^^^^^^^^^^^^^^\nUnicodeEncodeError: 'charmap' codec can't encode character '\\u20b9' in position 19: character maps to <undefined>\n\nDuring handling of the above exception, another exception occurred:\n\nTraceback (most recent call last):\n  File \"C:\\Users\\prana\\Downloads\\Bajaj FinServ\\test_extraction.py\", line 81, in <module>\n    success = test_single_file(file_path)\n              ^^^^^^^^^^^^^^^^^^^^^^^^^^^\n  File \"C:\\Users\\prana\\Downloads\\Bajaj FinServ\\test_extraction.py\", line 62, in test_single_file\n    print(f\"\\u2717 Error: {e}\")\n  File \"C:\\Program Files\\WindowsApps\\PythonSoftwareFoundation.Python.3.12_3.12.2800.0_x64__qbz5n2kfra8p0\\Lib\\encodings\\cp1252.py\", line 19, in encode\n    return codecs.charmap_encode(input,self.errors,encoding_table)[0]\n           ^^^^^^^^^^^^^^^^^^^^^^^^^^^^^^^^^^^^^^^^^^^^^^^^^^^^^^^\nUnicodeEncodeError: 'charmap' codec can't encode character '\\u2717' in position 0: character maps to <undefined>\n"
    },
    {
      "file": "train_sample_8.pdf",
      "status": "failed",
      "error": "Traceback (most recent call last):\n  File \"C:\\Users\\prana\\Downloads\\Bajaj FinServ\\test_extraction.py\", line 33, in test_single_file\n    print(f\"Reconciled amount: \\u20b9{data['reconciled_amount']:.2f}\")\n  File \"C:\\Program Files\\WindowsApps\\PythonSoftwareFoundation.Python.3.12_3.12.2800.0_x64__qbz5n2kfra8p0\\Lib\\encodings\\cp1252.py\", line 19, in encode\n    return codecs.charmap_encode(input,self.errors,encoding_table)[0]\n           ^^^^^^^^^^^^^^^^^^^^^^^^^^^^^^^^^^^^^^^^^^^^^^^^^^^^^^^\nUnicodeEncodeError: 'charmap' codec can't encode character '\\u20b9' in position 19: character maps to <undefined>\n\nDuring handling of the above exception, another exception occurred:\n\nTraceback (most recent call last):\n  File \"C:\\Users\\prana\\Downloads\\Bajaj FinServ\\test_extraction.py\", line 81, in <module>\n    success = test_single_file(file_path)\n              ^^^^^^^^^^^^^^^^^^^^^^^^^^^\n  File \"C:\\Users\\prana\\Downloads\\Bajaj FinServ\\test_extraction.py\", line 62, in test_single_file\n    print(f\"\\u2717 Error: {e}\")\n  File \"C:\\Program Files\\WindowsApps\\PythonSoftwareFoundation.Python.3.12_3.12.2800.0_x64__qbz5n2kfra8p0\\Lib\\encodings\\cp1252.py\", line 19, in encode\n    return codecs.charmap_encode(input,self.errors,encoding_table)[0]\n           ^^^^^^^^^^^^^^^^^^^^^^^^^^^^^^^^^^^^^^^^^^^^^^^^^^^^^^^\nUnicodeEncodeError: 'charmap' codec can't encode character '\\u2717' in position 0: character maps to <undefined>\n"
    },
    {
      "file": "train_sample_9.pdf",
      "status": "failed",
      "error": "Traceback (most recent call last):\n  File \"C:\\Users\\prana\\Downloads\\Bajaj FinServ\\test_extraction.py\", line 33, in test_single_file\n    print(f\"Reconciled amount: \\u20b9{data['reconciled_amount']:.2f}\")\n  File \"C:\\Program Files\\WindowsApps\\PythonSoftwareFoundation.Python.3.12_3.12.2800.0_x64__qbz5n2kfra8p0\\Lib\\encodings\\cp1252.py\", line 19, in encode\n    return codecs.charmap_encode(input,self.errors,encoding_table)[0]\n           ^^^^^^^^^^^^^^^^^^^^^^^^^^^^^^^^^^^^^^^^^^^^^^^^^^^^^^^\nUnicodeEncodeError: 'charmap' codec can't encode character '\\u20b9' in position 19: character maps to <undefined>\n\nDuring handling of the above exception, another exception occurred:\n\nTraceback (most recent call last):\n  File \"C:\\Users\\prana\\Downloads\\Bajaj FinServ\\test_extraction.py\", line 81, in <module>\n    success = test_single_file(file_path)\n              ^^^^^^^^^^^^^^^^^^^^^^^^^^^\n  File \"C:\\Users\\prana\\Downloads\\Bajaj FinServ\\test_extraction.py\", line 62, in test_single_file\n    print(f\"\\u2717 Error: {e}\")\n  File \"C:\\Program Files\\WindowsApps\\PythonSoftwareFoundation.Python.3.12_3.12.2800.0_x64__qbz5n2kfra8p0\\Lib\\encodings\\cp1252.py\", line 19, in encode\n    return codecs.charmap_encode(input,self.errors,encoding_table)[0]\n           ^^^^^^^^^^^^^^^^^^^^^^^^^^^^^^^^^^^^^^^^^^^^^^^^^^^^^^^\nUnicodeEncodeError: 'charmap' codec can't encode character '\\u2717' in position 0: character maps to <undefined>\n"
    }
  ]
}